c:\users\rodge\desktop\gametech\game-dev-cw\vc\asteroids\debug\vc143.pdb
c:\users\rodge\desktop\gametech\game-dev-cw\vc\asteroids\debug\vc143.idb
c:\users\rodge\desktop\gametech\game-dev-cw\vc\asteroids\debug\asteroid.obj
c:\users\rodge\desktop\gametech\game-dev-cw\vc\asteroids\debug\asteroids.obj
c:\users\rodge\desktop\gametech\game-dev-cw\vc\asteroids\debug\blackhole.obj
c:\users\rodge\desktop\gametech\game-dev-cw\vc\asteroids\debug\blackholebonus.obj
c:\users\rodge\desktop\gametech\game-dev-cw\vc\asteroids\debug\bonus.obj
c:\users\rodge\desktop\gametech\game-dev-cw\vc\asteroids\debug\bullet.obj
c:\users\rodge\desktop\gametech\game-dev-cw\vc\asteroids\debug\explosion.obj
c:\users\rodge\desktop\gametech\game-dev-cw\vc\asteroids\debug\extralifebonus.obj
c:\users\rodge\desktop\gametech\game-dev-cw\vc\asteroids\debug\gamestatemanager.obj
c:\users\rodge\desktop\gametech\game-dev-cw\vc\asteroids\debug\main.obj
c:\users\rodge\desktop\gametech\game-dev-cw\vc\asteroids\debug\spaceship.obj
c:\users\rodge\desktop\gametech\game-dev-cw\vc\asteroids\debug\weaponupgradebonus.obj
c:\users\rodge\desktop\gametech\game-dev-cw\bin\asteroids.exe
c:\users\rodge\desktop\gametech\game-dev-cw\vc\asteroids\debug\asteroids.pdb
c:\users\rodge\desktop\gametech\game-dev-cw\vc\asteroids\debug\asteroids.ilk
c:\users\rodge\desktop\gametech\game-dev-cw\vc\asteroids\debug\asteroids.tlog\cl.command.1.tlog
c:\users\rodge\desktop\gametech\game-dev-cw\vc\asteroids\debug\asteroids.tlog\cl.items.tlog
c:\users\rodge\desktop\gametech\game-dev-cw\vc\asteroids\debug\asteroids.tlog\cl.read.1.tlog
c:\users\rodge\desktop\gametech\game-dev-cw\vc\asteroids\debug\asteroids.tlog\cl.write.1.tlog
c:\users\rodge\desktop\gametech\game-dev-cw\vc\asteroids\debug\asteroids.tlog\link.command.1.tlog
c:\users\rodge\desktop\gametech\game-dev-cw\vc\asteroids\debug\asteroids.tlog\link.read.1.tlog
c:\users\rodge\desktop\gametech\game-dev-cw\vc\asteroids\debug\asteroids.tlog\link.secondary.1.tlog
c:\users\rodge\desktop\gametech\game-dev-cw\vc\asteroids\debug\asteroids.tlog\link.write.1.tlog
